Mixtapes
========

nW95pazp-s0
AYJBAP5rywk
Igm_bJX6d50
NflgXN2oekM
cV_rO49jJBQ
ETfy6UR9fbI
n8Wq9Z5Ktc0
zySS1tOo-N8.m4a
auFcf_Tv8k0.m4a
L___6FKM79U.m4a
B5xTHfqfaVk.m4a
ECsW0wDDaGU.m4a
m7KS24SfKK4.m4a
UZfphG4kMCc.m4a
Vgc1xc1gc30.m4a
VUHbBqq74Dk.m4a
zxhLRafBUPA.m4a
glGvrcGapIQ.m4a
xcLdVPO9PtU.m4a
lV_cnHeYKCw.m4a
3tOMrVokGRI.m4a
EE4CBOXo4kY.m4a
p7ecrrAW9RE.m4a
zxzwypd9g88.m4a
8Faxprb36lY.m4a
pr6BGmt0cjs.m4a
OeVebPpjEI4.m4a
NEHJrCUQGgM.m4a
RNp0KlJX6JE.m4a
EGQ0Wtb_kgE.m4a
9M8UEyDHC0A.m4a
xH66wFKVK00.m4a
4Vz6kKdTOgg.m4a
eghyBeVcYlE.m4a
ELEfQgbkSUw.m4a
SFchSk4bWyc.m4a
Jile3mf_SwY.m4a
nJaUppeiq-w.m4a
7k5EGpdM1cI.m4a
lONhlMPuqMI.m4a
hUzbY01kFKo.m4a
3Vjih-GIwXo.m4a
DHGxEVHZXlU.m4a
8vVXtg4EZUo.m4a
4sxPCj75Jsc.m4a
AFaDG8ByV9U.m4a
VbqyFVlOluM.m4a
XV1Xuq6Qltc.m4a
c2gPUe3Bg10.m4a
5ubIQLB4f68.m4a
phxRSkBnD7g.m4a
CI9W-rxxUVM.m4a
WAueSNTbJMw.m4a
lk4ifggrFEs.m4a
y7FI1ITX6Po.m4a
aWda7ZUxSWE.m4a
tmDUTJmWhcA.m4a
32NIV_EXRWY.m4a
s8gNgdiXJRQ.m4a
jQmXRKaPbRU.m4a
0m8JOxsZTUg.m4a
LWLdhVxsz0o.m4a
voGLM91PxnM.m4a
SVuTbnlN5Zw.m4a
HQ5iU7lzYPA.m4a
NwzfqZs9trs.m4a
AEdQujjxwcA.m4a
a7Te6Ytvsok.m4a
7EUXcKu75zQ.m4a
BKvPOQ_iKoQ.m4a
81Q8kQFqHg4.m4a
1C4i9tAHUQ4.m4a
1PE_LHS-2Ms.m4a
Y9y7Ee0qdnI.m4a
P9d_SrL1y3E.m4a
gRGPk2ttVhU.m4a
xFE-WTkm4IU.m4a
aSt87wuAsm8.m4a
Bga316VtELU.m4a
b4V-q_bLL1U.m4a
8ZRiPpbcmU0.m4a
8DAHjPqobVU.m4a
v5UKWNxW3Lo.m4a
gcVNb_WtFZs.m4a
AQeJYn1oQVc.m4a
9op3cgh4680.m4a
Sm4CHcNpOsY.m4a
3hGTFReRNl4.m4a
uG97fVOOQLw.m4a
uRavINkLSOg.m4a
R0-jrhQYH6U.m4a
P91Ndq-nt-0.m4a
t19LGc2duNc.m4a
bYTuOCEL-us.m4a
xMswpy6IoNw.m4a
WBNYP63O2Zw.m4a
SmyjTuGxiYM.m4a
g7j7R4oKcN4.m4a
r7GxCyxYPEY.m4a
OZLttvWaG1E.m4a
kPheRJUN6YA.m4a
y5ItpPgxyxg.m4a
y7kmXmWVX5o.m4a
PyyYaf0IaDU.m4a
8A6h93R98E0.m4a
keg_-4-WwBs.m4a
vBzUIMYLlkA.m4a
TRLcRdjNxXw.m4a
dsLTOvBGZkI.m4a
LEeN2cSwUss.m4a
1sb5hs1bWKU.m4a
rPn8BjMQPok.m4a
R1JWfehsWYU.m4a
OaX3lNTVmk4.m4a
PJn3oor1TFk.m4a
z2464fvyVnc.m4a
NMGzKpW2eyY.m4a
V7gCpA1qKHo.m4a
O9ooBGUuYQc.m4a
KK2zeLbKlnc.m4a
wK8B7GOM_rs.m4a
A8esMjBa69M.m4a
JvGdfEO6yrs.m4a
V8Q0ph95H2c.m4a
XEfZoEUHs_g.m4a
AEA2R6xlPX0.m4a
CgeYthSL40U.m4a
HGT4lZs2dEI.m4a
db5okQlCfLc.m4a
ETI3_gVL9a8.m4a
C5L1wqrUKKU.m4a
4sKOVrjsr0Q.m4a
VrykKBXVtx8.m4a
qSk69Xiqt30.m4a
Swfp4mqUt0Q.m4a
yuDjRQ65ou8.m4a
k-kTUqDIXD0.m4a
69jbZbPeHQU.m4a
7E634PYi1eI.m4a
W_hqP4pcmxY.m4a
xYMYq7MdoDg.m4a
iyeAn-G745s.m4a
4T3Y27XO1x0.m4a
a02yrMnbaJQ.m4a
wmrTWHeyI1s.m4a
44daY1gV2dc.m4a
LwsYBtjFUGA.m4a
5Bu8ntO3LXU.m4a
_SbXpacPM3Y.m4a
2yHj4L1a_uY.m4a
H1kpbnEr_gk.m4a
rHhhS8d3rQU.m4a
NKAuSksQW88.m4a
g77ObPWc2-A.m4a
ruDfFlM40R8.m4a
4cEuMRjEfFU.m4a
Es_oaG-n3ek.m4a
8uLXpGAJVjE.m4a
DQNRMoXZows.m4a
SYOUMGzZQKE.m4a
IqQZTiZzoaQ.m4a
DNgD-hvKQN4.m4a
nFOEcTkTdBI.m4a
jWp6PDEFOfE.m4a
zFMgJzpZWxg.m4a
xjUIW7Sno0Y.m4a
swMvXZqmc8A.m4a
yN6_w4E8cuw.m4a
U60g4uCFoO4.m4a
-iCEGaYZH0w.m4a
nqL0k8I0NSg.m4a
apu_2WRrSaI.m4a
Q34pkHOMxRE.m4a
O1UF0V4t3Pw.m4a
5-cpU8-u4WQ.m4a
XfU14zUC7U4.m4a
Xn-U1w3ak30.m4a
zzuHMPIM4lw.m4a
LWncjkQeDrM.m4a
WJ8RG9A8v-A.m4a
hcGNnJyyeJA.m4a
IaDlab1BKaE.m4a
a7pd21q3UXQ.m4a
4f75pnWzTkI.m4a
m0vuMLh6f6c.m4a
G2UpWAbAMgQ.m4a
2NHQKx-AIto.m4a
dzWXYE_Ip7o.m4a
tGpLzCIORec.m4a
u0CVFBK9MNQ.m4a
G0ISQtKtcTk.m4a
vjnfAHwla_g.m4a
mHDN3bUz4cU.m4a
S9-0Yg8Pcvw.m4a
gVxfTw07c2k.m4a
Q2LYTL1uf9o.m4a
Q5pGIQ0HkXI.m4a
xE9vw99nr_A.m4a
TxYkRVECuhs.m4a
Ab0q-bTcRhw.m4a
lns33CkZQ7U.m4a
VaRJjKEy-FU.m4a
JKPd-7Po0PU.m4a
pt0psWa1eTY.m4a
iz7P9mdKO2E.m4a
qOzPGHY7bOk.m4a
1DBzJKL9SEQ.m4a
ss8e10FuKgA.m4a
oLfWaqpAvb4.m4a
WbMF2O4XICY.m4a
XFG9d_EgCDQ.m4a
c1HBuwg-QiI.m4a
-eBVNZdkcxM.m4a
uYrZF6nzK54.m4a
MUSo27xkjU8.m4a
j9-jaHWQH7I.m4a
Y686KQpeKs8.m4a
eG0H4XYvx2E.m4a
isir7UnXfr4.m4a
NAXz2z4giws.m4a
mJTvFY9mE_0.m4a
VXFkJy8LvE8.m4a
41vtSpOuyEA.m4a
3Gi508zYbB4.m4a
Dm4tV7m-q5E.m4a
RlAwl7fHE-M.m4a
cLeKsSLMTRE.m4a
SlxP35fhiS4.m4a
uOomCYqVZnw.m4a
KrBcPAaIyRY.m4a
8C3ch-DoD9k.m4a
dG0qxSOjnxI.m4a
Us24BoBXa5s.m4a
3Jqhd0dXAxk.m4a
W17xq31RBQA.m4a
8ekssW5KjXA.m4a
kZyo_3Gsh-g.m4a
cLfm0BP64N0.m4a
LSMBzYOCCQo.m4a
F2WaNpCd8pQ.m4a
_u2zwI6bGFU.m4a
OVK64PtnJ1o.m4a
avKi16ueTwc.m4a
TdTTTg6KqAE.m4a
T74GL25N1zY.m4a
N2VT2pMO4xs.m4a
h1dQxbT7fBU.m4a
9n4yTesof8w.m4a
jPTPpFcSe4M.m4a
Q9G8BHE2kVA.m4a
WJ-ge9VKmyc.m4a
s0SII9A11F8.m4a
ejXep0y2Sqs.m4a
0avQKbcgki4.m4a
FN8clIRpFBU.m4a
SAme-gBLuQI.m4a
pnnCRbushIw.m4a
Np8bvTolJBg.m4a
WfK7PXQcwLc.m4a
C7GZBLKmJuQ.m4a
_oVb2aEy79k.m4a
Ka4FAF1ObiE.m4a
c2RBP3aSYV0.m4a
k3LGdimsRF4.m4a
SwdzJndVfx8.m4a
rQBWy0iqYnA.m4a
ohmgt8wuEfw.m4a
qlBUMXVZhMA.m4a
ag7p8w1bdoE.m4a
X6V04yccWig.m4a
Ucqe7fUgJCI.m4a
24nk0FKb7sY.m4a
IZrHmUfuelQ.m4a
-UgaIXHAMXo.m4a
RzuGl8KoS5A.m4a
MfmE6nSaiC0.m4a
yRPs_TMm9Cc.m4a
s_VUNtsfzOM.m4a
pvM418wYObw.m4a
lytVlJ53Q3s.m4a
G6vhFzDuujs.m4a
DtLbqkSx_Kk.m4a
RXq03VhJMZs.m4a
RoNKtrSCEIw.m4a
sYi9omJH9F4.m4a
LtPWzWnGbJs.m4a
XeAdKpViTJQ.m4a
4lOrMxiFcX8.m4a
KXsPJMaPWkw.m4a
GJZauf22n-I.m4a
1xqvXE2x-ps.m4a
ednEGjvFuBw.m4a
FRVUIqE9m3U.m4a
PheeYVLuKdU.m4a
6dc_adYfNJw.m4a
rB5Hjiy3hdQ.m4a
kDXZgmasRUU.m4a
WWwEp0I4vOc.m4a
uzBkGB3YKGE.m4a
VO-UdQU95zA.m4a
lHgAJI2nqns.m4a
I3iKlmCs-gk.m4a
BZ9r8WcDvO8.m4a
ucHax0YTWEM.m4a
aV7IyzvSsyM.m4a
yqRhvImUcY4.m4a
RpEAJaOIles.m4a
HbNfoylvPtE.m4a
k0YJOoUpA28.m4a
hb2KFpx0a8Q.m4a
gBEkVCzaAPc.m4a
6YsFx_sflQQ.m4a
KCnaF4KV0L4.m4a
hTHr7IB7_AY.m4a
aNwrxlfP0J0.m4a
5_R19IrQtPc.m4a
Jv_MyRwl8gA.m4a
K7nTXAqNP8Q.m4a
43oWZN8LCnA.m4a
WotjFISdiYc.m4a
lkVsmyxG6NE.m4a
3EYJChmqPyI.m4a
7HtAN95lGVQ.m4a
I7fqLi7RtLs.m4a
E7_vja0Pk-U.m4a
gsQKN9LrQnw.m4a
7xzR8-08Z8o.m4a
0_c-ohe9TbA.m4a
ruv7--98VnM.m4a
a-FmudSHOw0.m4a
npQnhA3h6OA.m4a
5_Un6XmPkOg.m4a
hXSwxXZD7N4.m4a
SK-Tc9hMfZE.m4a
ddn7-D-NOng.m4a
IeiSeWbyFn4.m4a
iRBhsd_cp0s.m4a
2Vjz7gn-dnE.m4a
h8nH5tV4SEs.m4a
D6Y0YP2rms8.m4a
fJzpLqmHKhk.m4a
nJC7rIlUc58.m4a
6C2Q_qM_A8c.m4a
qMOadW530iE.m4a
hXjSBAqRnLI.m4a
UstvYElAxBY.m4a
QxjS98GPuBA.m4a
AUYkd_54hSw.m4a
tZqXvfBFnAg.m4a
tUDDRHeuWRY.m4a
nt8r8fumEYY.m4a
m8k0pHkV1ao.m4a
k-27xbtF9iI.m4a
X0044Z_hJP0.m4a
h7h9zOz0m1I.m4a
OJ3ckA1s3LE.m4a
N49nIMKZ2Kw.m4a
cqGW-6nysxI.m4a
FOyuZXUkawg.m4a
UL1m7IawxC8.m4a
zZC85KTbbC8.m4a
pnTfJyJqe2I.m4a
pYH4glxEqQk.m4a
OeO9h0IAVyY.m4a
-8EAnUWx1fU.m4a
rUde7-v0aDo.m4a
8zctJCEZwwk.m4a
lsCrn5b6VNM.m4a
nGLVjlOWdjY.m4a
aNNzyARFb9g.m4a
5YYEYvEWdRk.m4a
Xqe5txq4ZLk.m4a
p3mGYk2hRrI.m4a
VbSaqKoqDXU.m4a
nhgyIBqlPBY.m4a
oieHmlQ_XHA.m4a
-1d8yTx69V0.m4a
N12WjWhysb8.m4a
ET4mtkVV74U.m4a
nfEYbMorUw8.m4a
rPgxBU4vWHI.m4a
NJVSKB2gxRE.m4a
Z4p41JV1vdM.m4a
MOk5az-KnOY.m4a
uzMsaE3nNY4.m4a
PMYU0H9KxlI.m4a
-NtEv9eDXhc.m4a
36FcPhXogTk.m4a
TpGp1p18ws4.m4a
C_UWtOz_tbk.m4a
IXitq479FUw.m4a
TGOPC_4RYDU.m4a
k7QNvMouWQA.m4a
3oEcu-N9hMc.m4a
kPZ0sgbk4Yc.m4a
4W5xQNWU-7Q.m4a
h2ssAft2920.m4a
X8FzySY4xb8.m4a
T259a34UAE0.m4a
7DBvWzLoiEg.m4a
oVynBxZJOWY.m4a
p7N2aa5kKB8.m4a
idz-hrM6WQc.m4a
-mEaKFrBOaQ.m4a
X2ljdbGm6pU.m4a
DVg-yL9wr5Q.m4a
E8HA6_rj9hk.m4a
XVTkGUWqg2s.m4a
UEhDr86OQXI.m4a
sFgfmxNtfxM.m4a
bQniG3PK_jY.m4a
GVpoa6P9LJo.m4a
gHGNtWv_90w.m4a
VymjA4Ap7Ow.m4a
R9BxCiKwtW0.m4a
PF_AFmXfpz8.m4a
TsVr-uS9VVU.m4a
RKfXpnXz6Ws.m4a
VluEHN0eqMw.m4a
m-qv1Qvd8cs.m4a
jgIa95WVs9w.m4a
upsobBEJxXw.m4a
UBi3FyZ9qUI.m4a
FgmhfSuDybA.m4a
YdY7GygJmpI.m4a
CTy4KZ2AapQ.m4a
nJZJ8nRLybQ.m4a
mSKsLWAwTVU.m4a
BuWF4QX8zSo.m4a
7eTqgwe8tzo.m4a
_vJDiEitet4.m4a
fUMUe3tIJms.m4a
ZJGfHWN1NWc.m4a
g4Fg5dMzR40.m4a
